<?xml version="1.0" encoding="UTF-8"?>
<!-- Generated by org.testng.reporters.JUnitReportReporter -->
<testsuite skipped="0" hostname="DESKTOP-UKODEMR" name="com.amazom.qa.testcases.HomePageAmazonTest" tests="3" failures="0" timestamp="04 Oct 2018 13:07:54 GMT" time="76.513" errors="0">
  <testcase name="validateUsernameLabel" time="24.453" classname="com.amazom.qa.testcases.HomePageAmazonTest"/>
  <testcase name="validateGreetLabelTest" time="22.978" classname="com.amazom.qa.testcases.HomePageAmazonTest"/>
  <testcase name="validateYourOrderTest" time="29.082" classname="com.amazom.qa.testcases.HomePageAmazonTest"/>
</testsuite> <!-- com.amazom.qa.testcases.HomePageAmazonTest -->
