<?xml version="1.0" encoding="UTF-8"?>
<!-- Generated by org.testng.reporters.JUnitReportReporter -->
<testsuite skipped="1" hostname="DESKTOP-UKODEMR" name="com.amazom.qa.testcases.TodaysDealPageAmazonTest" tests="1" failures="0" timestamp="08 Nov 2018 13:30:37 GMT" time="0.000" errors="0">
  <testcase name="validateTodaysDealLabelTest" time="0.000" classname="com.amazom.qa.testcases.TodaysDealPageAmazonTest">
    <skipped/>
  </testcase> <!-- validateTodaysDealLabelTest -->
</testsuite> <!-- com.amazom.qa.testcases.TodaysDealPageAmazonTest -->
